{
  "stats": {
    "suites": 1,
    "tests": 1,
    "passes": 0,
    "pending": 0,
    "failures": 1,
    "start": "2020-05-24T21:49:15.836Z",
    "end": "2020-05-24T21:49:23.558Z",
    "duration": 7722,
    "testsRegistered": 1,
    "passPercent": 0,
    "pendingPercent": 0,
    "other": 0,
    "hasOther": false,
    "skipped": 0,
    "hasSkipped": false
  },
  "results": [
    {
      "uuid": "8002a882-a21f-4c09-9156-05f9a445909f",
      "title": "",
      "fullFile": "cypress/integration/vrt.spec.js",
      "file": "cypress/integration/vrt.spec.js",
      "beforeHooks": [],
      "afterHooks": [],
      "tests": [],
      "suites": [
        {
          "uuid": "7b8ccb87-24e5-402d-a23f-9df16e95942b",
          "title": "Visual Regression Test Suite",
          "fullFile": "",
          "file": "",
          "beforeHooks": [],
          "afterHooks": [],
          "tests": [
            {
              "title": "TC 3: Navigation test from the Overview page",
              "fullTitle": "Visual Regression Test Suite TC 3: Navigation test from the Overview page",
              "timedOut": null,
              "duration": 6568,
              "state": "failed",
              "speed": null,
              "pass": false,
              "fail": true,
              "pending": false,
              "context": null,
              "code": "cy.visit(target.applicationUrl); // Screeenshot 1\ncy.percySnapshot('LOGIN_PAGE'); // Perform login attempt using correct data \nindexPageFuncs.attemptLogin(cy, loginData.username, loginData.correctPassword);\noverviewPageFuncs.assertOverviewPageUrl(cy); // Screenshot 2\ncy.percySnapshot('OVERVIEW_PAGE'); // Navigate to Rooms page    \noverviewPageFuncs.navigateToRoomsPage(cy);\nroomsPageFuncs.assertRoomsPageUrl(cy); // Screenshot 3\ncy.percySnapshot('ROOMS_PAGE'); // Return to overview page\nroomsPageFuncs.clickBtnBackToOverviewPage(cy);\noverviewPageFuncs.assertOverviewPageUrl(cy); // Navigate to Bills page\noverviewPageFuncs.navigateToBillsPage(cy);\nbillsPageFuncs.assertBillsPageUrl(cy); // Screenshot 4\ncy.percySnapshot('BILLS_PAGE'); // Return to overview\nbillsPageFuncs.clickBtnBackToOverviewPage(cy);\noverviewPageFuncs.assertOverviewPageUrl(cy); // Added log-out to create an end to the test case\noverviewPageFuncs.attemptLogout(cy, loginData.url);\nindexPageFuncs.assertLoginPageUrl(cy); // Screenshot 5\ncy.percySnapshot('SUCCESSFUL_LOGOUT_PAGE');",
              "err": {
                "message": "AssertionError: Timed out retrying: expected 'http://localhost:3000/' to equal 'http://localhost:3000/rooms'",
                "estack": "AssertionError: Timed out retrying: expected 'http://localhost:3000/' to equal 'http://localhost:3000/rooms'\n    at Object.assertRoomsPageUrl (http://localhost:3000/__cypress/tests?p=cypress/integration/vrt.spec.js:205:12)\n    at Context.eval (http://localhost:3000/__cypress/tests?p=cypress/integration/vrt.spec.js:61:20)",
                "diff": "- 'http://localhost:3000/'\n+ 'http://localhost:3000/rooms'\n"
              },
              "uuid": "4457c845-d2dc-49a3-97dd-748b0bb72048",
              "parentUUID": "7b8ccb87-24e5-402d-a23f-9df16e95942b",
              "isHook": false,
              "skipped": false
            }
          ],
          "suites": [],
          "passes": [],
          "failures": [
            "4457c845-d2dc-49a3-97dd-748b0bb72048"
          ],
          "pending": [],
          "skipped": [],
          "duration": 6568,
          "root": false,
          "rootEmpty": false,
          "_timeout": 2000
        }
      ],
      "passes": [],
      "failures": [],
      "pending": [],
      "skipped": [],
      "duration": 0,
      "root": true,
      "rootEmpty": true,
      "_timeout": 2000
    }
  ],
  "meta": {
    "mocha": {
      "version": "7.0.1"
    },
    "mochawesome": {
      "options": {
        "quiet": false,
        "reportFilename": "mochawesome",
        "saveHtml": true,
        "saveJson": true,
        "consoleReporter": "spec",
        "useInlineDiffs": false,
        "code": true
      },
      "version": "6.1.1"
    },
    "marge": {
      "options": {
        "reportDir": "cypress/report/mochawesome-report",
        "overwrite": false,
        "html": true,
        "json": true,
        "timestamp": "mmddyyyy_HHMMss"
      },
      "version": "5.1.0"
    }
  }
}